2025-05-02 16:19:10.667 CRITICAL: httpd is not responding - attempting restart
2025-05-02 16:19:13.667 NOTICE: System nfs failed at 2025-05-02 16:19:13.667
2025-05-02 16:19:16.667 INFO: Configuration change detected for mariadb
2025-05-02 16:19:19.666 CRITICAL: mariadb is not responding - attempting restart
2025-05-02 16:19:22.667 CRITICAL: httpd is not responding - attempting restart
2025-05-02 16:19:25.667 INFO: Configuration change detected for httpd
2025-05-02 16:19:28.666 WARNING: httpd resource utilization at 92%
2025-05-02 16:19:31.667 WARNING: nfs resource utilization at 95%
2025-05-02 16:19:34.667 CRITICAL: nfs is not responding - attempting restart
2025-05-02 16:19:37.667 WARNING: nfs resource utilization at 80%
2025-05-02 16:19:40.667 ERROR: Failed to configured ldap - E1001: invalid configuration
2025-05-02 16:19:43.667 CRITICAL: pacemaker is not responding - attempting restart
2025-05-02 16:19:46.666 INFO: Configuration change detected for nfs
2025-05-02 16:19:49.666 ERROR: Failed to restarted nfs - E1002: network unreachable
2025-05-02 16:19:52.667 CRITICAL: cron is not responding - attempting restart
2025-05-02 16:19:55.667 ERROR: Failed to failed sshd - E1005: invalid configuration
2025-05-02 16:19:58.667 INFO: Configuration change detected for nfs
2025-05-02 16:20:01.667 NOTICE: System httpd configured at 2025-05-02 16:20:01.667
2025-05-02 16:20:04.667 ERROR: Failed to restarted corosync - E1003: insufficient permissions
2025-05-02 16:20:07.667 NOTICE: System cron stopped at 2025-05-02 16:20:07.667
2025-05-02 16:20:10.667 INFO: Configuration change detected for corosync
2025-05-02 16:20:13.667 CRITICAL: ldap is not responding - attempting restart
2025-05-02 16:20:16.666 WARNING: mariadb resource utilization at 96%
2025-05-02 16:20:19.666 CRITICAL: pacemaker is not responding - attempting restart
2025-05-02 16:20:22.666 NOTICE: System httpd started at 2025-05-02 16:20:22.666
2025-05-02 16:20:25.667 NOTICE: System mariadb stopped at 2025-05-02 16:20:25.667
2025-05-02 16:20:28.667 NOTICE: System cron stopped at 2025-05-02 16:20:28.667
2025-05-02 16:20:31.667 WARNING: nfs resource utilization at 82%
2025-05-02 16:20:34.667 WARNING: corosync resource utilization at 81%
2025-05-02 16:20:37.667 ERROR: Failed to stopped sshd - E1004: invalid configuration
2025-05-02 16:20:40.667 INFO: Configuration change detected for nfs
2025-05-02 16:20:43.667 CRITICAL: corosync is not responding - attempting restart
2025-05-02 16:20:46.666 INFO: Configuration change detected for sshd
2025-05-02 16:20:49.667 WARNING: corosync resource utilization at 83%
2025-05-02 16:20:52.667 WARNING: corosync resource utilization at 99%
2025-05-02 16:20:55.667 NOTICE: System cron restarted at 2025-05-02 16:20:55.667
2025-05-02 16:20:58.667 CRITICAL: ldap is not responding - attempting restart
2025-05-02 16:21:01.667 WARNING: sshd resource utilization at 91%
2025-05-02 16:21:04.667 NOTICE: System cron failed at 2025-05-02 16:21:04.667
2025-05-02 16:21:07.666 CRITICAL: sshd is not responding - attempting restart
2025-05-02 16:21:10.667 NOTICE: System nfs configured at 2025-05-02 16:21:10.667
2025-05-02 16:21:13.667 NOTICE: System httpd stopped at 2025-05-02 16:21:13.667
2025-05-02 16:21:16.667 WARNING: mariadb resource utilization at 86%
2025-05-02 16:21:19.667 INFO: Configuration change detected for httpd
2025-05-02 16:21:22.667 INFO: Configuration change detected for mariadb
2025-05-02 16:21:25.666 WARNING: ldap resource utilization at 98%
2025-05-02 16:21:28.667 NOTICE: System ldap stopped at 2025-05-02 16:21:28.667
2025-05-02 16:21:31.666 INFO: Configuration change detected for corosync
2025-05-02 16:21:34.667 WARNING: corosync resource utilization at 99%
2025-05-02 16:21:37.667 ERROR: Failed to started corosync - E1003: resource unavailable
2025-05-02 16:21:40.667 CRITICAL: sshd is not responding - attempting restart
2025-05-02 16:21:43.667 NOTICE: System httpd failed at 2025-05-02 16:21:43.667
2025-05-02 16:21:46.667 NOTICE: System corosync restarted at 2025-05-02 16:21:46.667
2025-05-02 16:21:49.666 INFO: Configuration change detected for httpd
2025-05-02 16:21:52.667 NOTICE: System mariadb configured at 2025-05-02 16:21:52.667
2025-05-02 16:21:55.667 CRITICAL: pacemaker is not responding - attempting restart
2025-05-02 16:21:58.667 INFO: Configuration change detected for nfs
2025-05-02 16:22:01.667 WARNING: httpd resource utilization at 82%
2025-05-02 16:22:04.667 NOTICE: System corosync configured at 2025-05-02 16:22:04.667
2025-05-02 16:22:07.667 INFO: Configuration change detected for ldap
2025-05-02 16:22:10.666 NOTICE: System mariadb failed at 2025-05-02 16:22:10.666
2025-05-02 16:22:13.667 INFO: Configuration change detected for httpd
2025-05-02 16:22:16.667 ERROR: Failed to failed ldap - E1005: timeout exceeded
2025-05-02 16:22:19.667 CRITICAL: mariadb is not responding - attempting restart
2025-05-02 16:22:22.666 NOTICE: System corosync failed at 2025-05-02 16:22:22.666
2025-05-02 16:22:25.666 ERROR: Failed to restarted sshd - E1002: timeout exceeded
2025-05-02 16:22:28.667 CRITICAL: httpd is not responding - attempting restart
2025-05-02 16:22:31.666 NOTICE: System sshd failed at 2025-05-02 16:22:31.666
2025-05-02 16:22:34.667 NOTICE: System cron failed at 2025-05-02 16:22:34.667
2025-05-02 16:22:37.667 CRITICAL: sshd is not responding - attempting restart
2025-05-02 16:22:40.667 CRITICAL: httpd is not responding - attempting restart
2025-05-02 16:22:43.667 WARNING: nfs resource utilization at 90%
2025-05-02 16:22:46.667 WARNING: pacemaker resource utilization at 83%
2025-05-02 16:22:49.667 NOTICE: System pacemaker configured at 2025-05-02 16:22:49.667
2025-05-02 16:22:52.667 WARNING: cron resource utilization at 91%
2025-05-02 16:22:55.667 CRITICAL: httpd is not responding - attempting restart
2025-05-02 16:22:58.666 NOTICE: System corosync restarted at 2025-05-02 16:22:58.666
2025-05-02 16:23:01.667 ERROR: Failed to stopped ldap - E1005: authentication failed
2025-05-02 16:23:04.667 WARNING: ldap resource utilization at 85%
2025-05-02 16:23:07.667 CRITICAL: sshd is not responding - attempting restart
2025-05-02 16:23:10.667 NOTICE: System cron stopped at 2025-05-02 16:23:10.667
2025-05-02 16:23:13.667 WARNING: sshd resource utilization at 80%
2025-05-02 16:23:16.667 INFO: Configuration change detected for httpd
2025-05-02 16:23:19.667 NOTICE: System cron failed at 2025-05-02 16:23:19.667
2025-05-02 16:23:22.667 NOTICE: System nfs started at 2025-05-02 16:23:22.667
2025-05-02 16:23:25.667 NOTICE: System nfs configured at 2025-05-02 16:23:25.667
2025-05-02 16:23:28.667 WARNING: nfs resource utilization at 85%
2025-05-02 16:23:31.667 ERROR: Failed to restarted sshd - E1003: insufficient permissions
2025-05-02 16:23:34.667 CRITICAL: corosync is not responding - attempting restart
2025-05-02 16:23:37.667 WARNING: sshd resource utilization at 81%
2025-05-02 16:23:40.667 INFO: Configuration change detected for sshd
2025-05-02 16:23:43.667 WARNING: cron resource utilization at 92%
2025-05-02 16:23:46.667 CRITICAL: cron is not responding - attempting restart
2025-05-02 16:23:49.667 INFO: Configuration change detected for pacemaker
2025-05-02 16:23:52.667 WARNING: cron resource utilization at 88%
2025-05-02 16:23:55.667 ERROR: Failed to stopped nfs - E1004: invalid configuration
2025-05-02 16:23:58.667 ERROR: Failed to started ldap - E1001: authentication failed
2025-05-02 16:24:01.667 CRITICAL: sshd is not responding - attempting restart
2025-05-02 16:24:04.667 INFO: Configuration change detected for corosync
2025-05-02 16:24:07.666 WARNING: ldap resource utilization at 81%
2025-05-02 16:24:10.667 INFO: Configuration change detected for httpd
2025-05-02 16:24:13.667 CRITICAL: nfs is not responding - attempting restart
2025-05-02 16:24:16.667 WARNING: pacemaker resource utilization at 86%
2025-05-02 16:24:19.666 CRITICAL: pacemaker is not responding - attempting restart
2025-05-02 16:24:22.667 ERROR: Failed to restarted ldap - E1005: dependency failed
2025-05-02 16:24:25.667 WARNING: sshd resource utilization at 94%
2025-05-02 16:24:28.667 CRITICAL: sshd is not responding - attempting restart
2025-05-02 16:24:31.666 NOTICE: System corosync failed at 2025-05-02 16:24:31.666
2025-05-02 16:24:34.667 ERROR: Failed to configured httpd - E1002: authentication failed
2025-05-02 16:24:37.667 NOTICE: System sshd started at 2025-05-02 16:24:37.667
2025-05-02 16:24:40.667 INFO: Configuration change detected for pacemaker
2025-05-02 16:24:43.667 INFO: Configuration change detected for mariadb
2025-05-02 16:24:46.667 CRITICAL: httpd is not responding - attempting restart
2025-05-02 16:24:49.667 WARNING: nfs resource utilization at 81%
2025-05-02 16:24:52.667 ERROR: Failed to restarted httpd - E1003: insufficient permissions
2025-05-02 16:24:55.667 WARNING: ldap resource utilization at 86%
2025-05-02 16:24:58.666 ERROR: Failed to failed sshd - E1004: network unreachable
2025-05-02 16:25:01.667 NOTICE: System sshd configured at 2025-05-02 16:25:01.667
2025-05-02 16:25:04.667 WARNING: httpd resource utilization at 99%
