2025-05-02 16:19:11.667 ERROR: Job 8949 failed on node node005 - timeout exceeded
2025-05-02 16:19:15.667 INFO: Job 3604 submitted by admin at 2025-05-02 16:19:15.667
2025-05-02 16:19:19.666 ERROR: Job 9321 failed on node node002 - dependency failed
2025-05-02 16:19:23.667 INFO: Reservation res_652 created for 6 hours
2025-05-02 16:19:27.667 WARNING: Node node001 approaching memory limit: 81%
2025-05-02 16:19:31.667 ERROR: Job 5409 failed on node node001 - network unreachable
2025-05-02 16:19:35.667 ERROR: Job 8347 failed on node node003 - dependency failed
2025-05-02 16:19:39.666 INFO: Job 4948 submitted by root at 2025-05-02 16:19:39.666
2025-05-02 16:19:43.667 INFO: Job 9685 submitted by user1 at 2025-05-02 16:19:43.667
2025-05-02 16:19:47.667 WARNING: Node node002 approaching memory limit: 89%
2025-05-02 16:19:51.667 INFO: Job 4703 submitted by admin at 2025-05-02 16:19:51.667
2025-05-02 16:19:55.667 NOTICE: Scheduler configuration reloaded at 2025-05-02 16:19:55.667
2025-05-02 16:19:59.666 WARNING: Node node004 approaching memory limit: 87%
2025-05-02 16:20:03.666 NOTICE: Scheduler configuration reloaded at 2025-05-02 16:20:03.666
2025-05-02 16:20:07.667 NOTICE: Scheduler configuration reloaded at 2025-05-02 16:20:07.667
2025-05-02 16:20:11.666 INFO: Reservation res_363 created for 10 hours
2025-05-02 16:20:15.667 INFO: Job 3839 submitted by admin at 2025-05-02 16:20:15.667
2025-05-02 16:20:19.666 INFO: Job 9716 submitted by operator at 2025-05-02 16:20:19.666
2025-05-02 16:20:23.667 NOTICE: Scheduler configuration reloaded at 2025-05-02 16:20:23.667
2025-05-02 16:20:27.666 INFO: Reservation res_948 created for 14 hours
2025-05-02 16:20:31.667 NOTICE: Scheduler configuration reloaded at 2025-05-02 16:20:31.667
2025-05-02 16:20:35.666 ERROR: Job 3483 failed on node node003 - resource unavailable
2025-05-02 16:20:39.667 WARNING: Node node003 approaching memory limit: 99%
2025-05-02 16:20:43.667 INFO: Reservation res_390 created for 3 hours
2025-05-02 16:20:47.667 WARNING: Node node004 approaching memory limit: 83%
2025-05-02 16:20:51.667 INFO: Job 9978 submitted by user1 at 2025-05-02 16:20:51.667
2025-05-02 16:20:55.667 NOTICE: Scheduler configuration reloaded at 2025-05-02 16:20:55.667
2025-05-02 16:20:59.666 INFO: Reservation res_706 created for 6 hours
2025-05-02 16:21:03.667 NOTICE: Scheduler configuration reloaded at 2025-05-02 16:21:03.667
2025-05-02 16:21:07.666 INFO: Reservation res_791 created for 20 hours
2025-05-02 16:21:11.667 WARNING: Node node002 approaching memory limit: 95%
2025-05-02 16:21:15.666 INFO: Job 9240 submitted by admin at 2025-05-02 16:21:15.666
2025-05-02 16:21:19.667 ERROR: Job 7425 failed on node node005 - network unreachable
2025-05-02 16:21:23.666 INFO: Reservation res_836 created for 18 hours
2025-05-02 16:21:27.667 NOTICE: Scheduler configuration reloaded at 2025-05-02 16:21:27.667
2025-05-02 16:21:31.666 INFO: Job 3692 submitted by root at 2025-05-02 16:21:31.666
2025-05-02 16:21:35.667 ERROR: Job 8101 failed on node node003 - authentication failed
2025-05-02 16:21:39.667 ERROR: Job 3612 failed on node node002 - insufficient permissions
2025-05-02 16:21:43.667 WARNING: Node node002 approaching memory limit: 88%
2025-05-02 16:21:47.667 NOTICE: Scheduler configuration reloaded at 2025-05-02 16:21:47.667
2025-05-02 16:21:51.666 NOTICE: Scheduler configuration reloaded at 2025-05-02 16:21:51.666
2025-05-02 16:21:55.667 NOTICE: Scheduler configuration reloaded at 2025-05-02 16:21:55.667
2025-05-02 16:21:59.667 WARNING: Node node003 approaching memory limit: 89%
2025-05-02 16:22:03.667 INFO: Job 8170 submitted by admin at 2025-05-02 16:22:03.667
2025-05-02 16:22:07.667 INFO: Reservation res_382 created for 7 hours
2025-05-02 16:22:11.667 INFO: Job 2995 submitted by operator at 2025-05-02 16:22:11.667
2025-05-02 16:22:15.666 INFO: Reservation res_453 created for 15 hours
2025-05-02 16:22:19.667 WARNING: Node node001 approaching memory limit: 80%
2025-05-02 16:22:23.667 WARNING: Node node003 approaching memory limit: 82%
2025-05-02 16:22:27.667 NOTICE: Scheduler configuration reloaded at 2025-05-02 16:22:27.667
2025-05-02 16:22:31.666 INFO: Job 4125 submitted by scheduler at 2025-05-02 16:22:31.666
2025-05-02 16:22:35.667 WARNING: Node node001 approaching memory limit: 88%
2025-05-02 16:22:39.667 INFO: Job 1520 submitted by root at 2025-05-02 16:22:39.667
2025-05-02 16:22:43.667 WARNING: Node node003 approaching memory limit: 92%
2025-05-02 16:22:47.667 WARNING: Node node001 approaching memory limit: 92%
2025-05-02 16:22:51.667 INFO: Reservation res_462 created for 12 hours
2025-05-02 16:22:55.667 WARNING: Node node002 approaching memory limit: 85%
2025-05-02 16:22:59.667 INFO: Reservation res_376 created for 7 hours
2025-05-02 16:23:03.692 NOTICE: Scheduler configuration reloaded at 2025-05-02 16:23:03.692
2025-05-02 16:23:07.667 ERROR: Job 9107 failed on node node002 - invalid configuration
2025-05-02 16:23:11.667 WARNING: Node node003 approaching memory limit: 91%
2025-05-02 16:23:15.667 ERROR: Job 7529 failed on node node001 - resource unavailable
2025-05-02 16:23:19.667 INFO: Reservation res_598 created for 20 hours
2025-05-02 16:23:23.667 INFO: Job 5297 submitted by scheduler at 2025-05-02 16:23:23.667
2025-05-02 16:23:27.667 WARNING: Node node003 approaching memory limit: 94%
2025-05-02 16:23:31.667 INFO: Job 1132 submitted by operator at 2025-05-02 16:23:31.667
2025-05-02 16:23:35.667 NOTICE: Scheduler configuration reloaded at 2025-05-02 16:23:35.667
2025-05-02 16:23:39.667 INFO: Reservation res_660 created for 16 hours
2025-05-02 16:23:43.667 WARNING: Node node005 approaching memory limit: 91%
2025-05-02 16:23:47.667 ERROR: Job 7779 failed on node node002 - network unreachable
2025-05-02 16:23:51.667 INFO: Job 7136 submitted by scheduler at 2025-05-02 16:23:51.667
2025-05-02 16:23:55.667 WARNING: Node node005 approaching memory limit: 94%
2025-05-02 16:23:59.667 WARNING: Node node001 approaching memory limit: 84%
2025-05-02 16:24:03.667 WARNING: Node node005 approaching memory limit: 93%
2025-05-02 16:24:07.666 INFO: Reservation res_826 created for 6 hours
2025-05-02 16:24:11.667 INFO: Reservation res_182 created for 3 hours
2025-05-02 16:24:15.667 ERROR: Job 8421 failed on node node005 - dependency failed
2025-05-02 16:24:19.666 WARNING: Node node005 approaching memory limit: 90%
2025-05-02 16:24:23.667 ERROR: Job 7778 failed on node node001 - invalid configuration
2025-05-02 16:24:27.666 WARNING: Node node005 approaching memory limit: 81%
2025-05-02 16:24:31.666 NOTICE: Scheduler configuration reloaded at 2025-05-02 16:24:31.666
2025-05-02 16:24:35.667 WARNING: Node node003 approaching memory limit: 99%
2025-05-02 16:24:39.667 INFO: Job 5205 submitted by user1 at 2025-05-02 16:24:39.667
2025-05-02 16:24:43.667 WARNING: Node node003 approaching memory limit: 92%
2025-05-02 16:24:47.667 INFO: Job 2026 submitted by admin at 2025-05-02 16:24:47.667
2025-05-02 16:24:51.666 INFO: Job 5767 submitted by admin at 2025-05-02 16:24:51.666
2025-05-02 16:24:55.666 INFO: Reservation res_581 created for 8 hours
2025-05-02 16:24:59.667 INFO: Job 6528 submitted by root at 2025-05-02 16:24:59.667
2025-05-02 16:25:03.667 INFO: Job 9345 submitted by admin at 2025-05-02 16:25:03.667
