2025-05-02 16:19:19.666 ERROR: Resource shared_fs failed on node node004 - timeout exceeded
2025-05-02 16:19:31.667 INFO: Node node002 joined cluster at 2025-05-02 16:19:31.667
2025-05-02 16:19:43.667 INFO: Node node003 joined cluster at 2025-05-02 16:19:43.667
2025-05-02 16:19:55.667 INFO: Node node001 joined cluster at 2025-05-02 16:19:55.667
2025-05-02 16:20:07.667 NOTICE: Performing failover of scheduler from node005 to node002
2025-05-02 16:20:19.666 ERROR: Resource web_service failed on node node004 - network unreachable
2025-05-02 16:20:31.667 CRITICAL: Cluster partition detected - nodes node005,node005 isolated
2025-05-02 16:20:43.667 INFO: Node node003 joined cluster at 2025-05-02 16:20:43.667
2025-05-02 16:20:55.667 NOTICE: Performing failover of web_service from node004 to node004
2025-05-02 16:21:07.666 WARNING: Possible split-brain detected between nodes node002 and node002
2025-05-02 16:21:19.667 ERROR: Resource shared_fs failed on node node003 - insufficient permissions
2025-05-02 16:21:31.666 INFO: Node node002 joined cluster at 2025-05-02 16:21:31.666
2025-05-02 16:21:43.667 INFO: Node node005 joined cluster at 2025-05-02 16:21:43.667
2025-05-02 16:21:55.667 NOTICE: Performing failover of database from node004 to node004
2025-05-02 16:22:07.667 ERROR: Resource virtual_ip failed on node node001 - authentication failed
2025-05-02 16:22:19.667 ERROR: Resource database failed on node node002 - insufficient permissions
2025-05-02 16:22:31.666 NOTICE: Performing failover of virtual_ip from node001 to node001
2025-05-02 16:22:43.666 NOTICE: Performing failover of shared_fs from node005 to node001
2025-05-02 16:22:55.667 WARNING: Possible split-brain detected between nodes node003 and node002
2025-05-02 16:23:07.667 ERROR: Resource scheduler failed on node node005 - insufficient permissions
2025-05-02 16:23:19.667 ERROR: Resource database failed on node node004 - invalid configuration
2025-05-02 16:23:31.667 INFO: Node node004 joined cluster at 2025-05-02 16:23:31.667
2025-05-02 16:23:43.667 WARNING: Possible split-brain detected between nodes node004 and node001
2025-05-02 16:23:55.667 WARNING: Possible split-brain detected between nodes node005 and node005
2025-05-02 16:24:07.666 INFO: Node node003 joined cluster at 2025-05-02 16:24:07.666
2025-05-02 16:24:19.666 NOTICE: Performing failover of scheduler from node001 to node003
2025-05-02 16:24:31.666 ERROR: Resource database failed on node node004 - invalid configuration
2025-05-02 16:24:43.667 ERROR: Resource virtual_ip failed on node node003 - insufficient permissions
2025-05-02 16:24:55.666 INFO: Node node004 joined cluster at 2025-05-02 16:24:55.666
